<?xml version="1.0" encoding="UTF-8"?>
<!-- Generated by org.testng.reporters.JUnitReportReporter -->
<testsuite hostname="VKodali-Lap8" name="testSample1" tests="1" failures="0" timestamp="18 Dec 2016 17:22:26 GMT" time="9.482" errors="0">
  <testcase name="Facebooklogin" time="9.482" classname="testSample1"/>
</testsuite> <!-- testSample1 -->
