<?xml version="1.0" encoding="UTF-8"?>
<!-- Generated by org.testng.reporters.JUnitReportReporter -->
<testsuite skipped="0" hostname="ASI-1" name="testSample1" tests="1" failures="0" timestamp="30 Apr 2017 14:23:25 GMT" time="16.865" errors="0">
  <testcase name="Facebooklogin" time="16.865" classname="testSample1"/>
</testsuite> <!-- testSample1 -->
