<?xml version="1.0" encoding="UTF-8"?>
<!-- Generated by org.testng.reporters.JUnitReportReporter -->
<testsuite skipped="0" hostname="ASI-1" name="testSample2" tests="2" failures="0" timestamp="30 Apr 2017 14:26:53 GMT" time="36.737" errors="0">
  <testcase name="Facebooklogin" time="11.679" classname="testSample2"/>
  <testcase name="Facebooklogin" time="25.058" classname="testSample2"/>
</testsuite> <!-- testSample2 -->
