<?xml version="1.0" encoding="UTF-8"?>
<!-- Generated by org.testng.reporters.JUnitReportReporter -->
<testsuite name="testSample1" tests="1" time="17.863" ignored="0" failures="0" timestamp="27 Jan 2017 01:41:30 GMT" skipped="0" hostname="VKodali-Lap8" errors="0">
  <testcase name="Facebooklogin" time="17.863" classname="testSample1"/>
</testsuite> <!-- testSample1 -->
