<?xml version="1.0" encoding="UTF-8"?>
<!-- Generated by org.testng.reporters.JUnitReportReporter -->
<testsuite name="testSample2" tests="2" time="27.216" ignored="0" failures="0" timestamp="18 Dec 2016 18:57:30 GMT" skipped="0" hostname="VKodali-Lap8" errors="0">
  <testcase name="Facebooklogin" time="10.383" classname="testSample2"/>
  <testcase name="Facebooklogin" time="16.833" classname="testSample2"/>
</testsuite> <!-- testSample2 -->
