<?xml version="1.0" encoding="UTF-8"?>
<!-- Generated by org.testng.reporters.JUnitReportReporter -->
<testsuite name="testSample2" tests="2" time="22.788" ignored="0" failures="0" timestamp="21 Jan 2017 17:50:39 GMT" skipped="0" hostname="VKodali-Lap8" errors="0">
  <testcase name="Facebooklogin" time="11.446" classname="testSample2"/>
  <testcase name="Facebooklogin" time="11.342" classname="testSample2"/>
</testsuite> <!-- testSample2 -->
