<?xml version="1.0" encoding="UTF-8"?>
<!-- Generated by org.testng.reporters.JUnitReportReporter -->
<testsuite hostname="VKodali-Lap8" name="testSample2" tests="2" failures="0" timestamp="11 Dec 2016 16:24:26 GMT" time="26.586" errors="0">
  <testcase name="testlogin" time="19.052" classname="testSample2"/>
  <testcase name="testlogin" time="7.534" classname="testSample2"/>
</testsuite> <!-- testSample2 -->
