<?xml version="1.0" encoding="UTF-8"?>
<!-- Generated by org.testng.reporters.JUnitReportReporter -->
<testsuite name="testSample2" tests="2" time="41.151" ignored="0" failures="0" timestamp="27 Jan 2017 01:46:11 GMT" skipped="0" hostname="VKodali-Lap8" errors="0">
  <testcase name="Facebooklogin" time="13.053" classname="testSample2"/>
  <testcase name="Facebooklogin" time="28.098" classname="testSample2"/>
</testsuite> <!-- testSample2 -->
