<?xml version="1.0" encoding="UTF-8"?>
<!-- Generated by org.testng.reporters.JUnitReportReporter -->
<testsuite hostname="VKodali-Lap8" name="testSample1" tests="1" failures="0" timestamp="11 Dec 2016 15:59:49 GMT" time="16.425" errors="0">
  <testcase name="testlogin" time="16.425" classname="testSample1"/>
</testsuite> <!-- testSample1 -->
