<?xml version="1.0" encoding="UTF-8"?>
<!-- Generated by org.testng.reporters.JUnitReportReporter -->
<testsuite name="testSample1" tests="1" time="11.465" ignored="0" failures="0" timestamp="21 Jan 2017 17:44:29 GMT" skipped="0" hostname="VKodali-Lap8" errors="0">
  <testcase name="Facebooklogin" time="11.465" classname="testSample1"/>
</testsuite> <!-- testSample1 -->
