<?xml version="1.0" encoding="UTF-8"?>
<!-- Generated by org.testng.reporters.JUnitReportReporter -->
<testsuite hostname="VKodali-Lap8" name="testSample1" tests="2" failures="0" timestamp="11 Dec 2016 16:21:59 GMT" time="43.451" errors="0">
  <testcase name="testlogin" time="25.486" classname="testSample1"/>
  <testcase name="testlogin" time="17.965" classname="testSample1"/>
</testsuite> <!-- testSample1 -->
