<?xml version="1.0" encoding="UTF-8"?>
<!-- Generated by org.testng.reporters.JUnitReportReporter -->
<testsuite hostname="ASI-1" name="com.qa.Test.GETAPITest" tests="2" failures="0" timestamp="11 Feb 2018 12:51:39 GMT" time="0.993" errors="0">
  <testcase name="getAPITestWithoutHeaders" time="0.787" classname="com.qa.Test.GETAPITest"/>
  <testcase name="getAPITestWithHeaders" time="0.206" classname="com.qa.Test.GETAPITest"/>
</testsuite> <!-- com.qa.Test.GETAPITest -->
