<?xml version="1.0" encoding="UTF-8"?>
<!-- Generated by org.testng.reporters.JUnitReportReporter -->
<testsuite hostname="VKodali-Lap8" name="testNGSamples.TestNGParametersandDataProviderWithExcel" tests="2" failures="0" timestamp="4 Dec 2016 16:13:21 GMT" time="0.020" errors="0">
  <testcase name="Login" time="0.011" classname="testNGSamples.TestNGParametersandDataProviderWithExcel"/>
  <testcase name="Login" time="0.009" classname="testNGSamples.TestNGParametersandDataProviderWithExcel"/>
</testsuite> <!-- testNGSamples.TestNGParametersandDataProviderWithExcel -->
