<?xml version="1.0" encoding="UTF-8"?>
<!-- Generated by org.testng.reporters.JUnitReportReporter -->
<testsuite hostname="VKodali-Lap8" name="testNGSamples.TestNGReportersAsserts" tests="1" failures="0" timestamp="1 Dec 2016 22:56:55 GMT" time="0.005" errors="0">
  <testcase name="f" time="0.005" classname="testNGSamples.TestNGReportersAsserts"/>
</testsuite> <!-- testNGSamples.TestNGReportersAsserts -->
