<?xml version="1.0" encoding="UTF-8"?>
<!-- Generated by org.testng.reporters.JUnitReportReporter -->
<testsuite hostname="ASI-1" name="testNGSamples.TestNGGroup" tests="2" failures="0" timestamp="14 Apr 2017 23:10:44 GMT" time="0.040" errors="0">
  <testcase name="one" time="0.027" classname="testNGSamples.TestNGGroup"/>
  <testcase name="two" time="0.013" classname="testNGSamples.TestNGGroup"/>
</testsuite> <!-- testNGSamples.TestNGGroup -->
