<?xml version="1.0" encoding="UTF-8"?>
<!-- Generated by org.testng.reporters.JUnitReportReporter -->
<testsuite hostname="VKodali-Lap8" name="testNGSamples.TestNGParametersandDataProvider" tests="3" failures="0" timestamp="23 Feb 2017 20:40:18 GMT" time="0.037" errors="0">
  <testcase name="Login" time="0.013" classname="testNGSamples.TestNGParametersandDataProvider"/>
  <testcase name="Login" time="0.003" classname="testNGSamples.TestNGParametersandDataProvider"/>
  <testcase name="Login" time="0.021" classname="testNGSamples.TestNGParametersandDataProvider"/>
</testsuite> <!-- testNGSamples.TestNGParametersandDataProvider -->
