<?xml version="1.0" encoding="UTF-8"?>
<!-- Generated by org.testng.reporters.JUnitReportReporter -->
<testsuite hostname="VKodali-Lap8" name="SequencingPrioritizingTC.NewTest" tests="4" failures="0" timestamp="1 Dec 2016 18:56:43 GMT" time="0.052" errors="0">
  <testcase name="Four" time="0.005" classname="SequencingPrioritizingTC.NewTest"/>
  <testcase name="Two" time="0.006" classname="SequencingPrioritizingTC.NewTest"/>
  <testcase name="One" time="0.037" classname="SequencingPrioritizingTC.NewTest"/>
  <testcase name="Three" time="0.004" classname="SequencingPrioritizingTC.NewTest"/>
</testsuite> <!-- SequencingPrioritizingTC.NewTest -->
