<?xml version="1.0" encoding="UTF-8"?>
<!-- Generated by org.testng.reporters.JUnitReportReporter -->
<testsuite hostname="VKodali-Lap8" name="testNGMultiBrowser.MultiBrowser" tests="2" failures="0" timestamp="4 Dec 2016 15:20:12 GMT" time="3.387" errors="0">
  <testcase name="login" time="2.069" classname="testNGMultiBrowser.MultiBrowser"/>
  <testcase name="login" time="1.318" classname="testNGMultiBrowser.MultiBrowser"/>
</testsuite> <!-- testNGMultiBrowser.MultiBrowser -->
