<?xml version="1.0" encoding="UTF-8"?>
<!-- Generated by org.testng.reporters.JUnitReportReporter -->
<testsuite hostname="VKodali-Lap8" name="testNGSamples.TestNGExample1" tests="1" failures="0" timestamp="1 Dec 2016 22:59:14 GMT" time="20.727" errors="0">
  <testcase name="CreateAccount" time="20.727" classname="testNGSamples.TestNGExample1"/>
</testsuite> <!-- testNGSamples.TestNGExample1 -->
