<?xml version="1.0" encoding="UTF-8"?>
<!-- Generated by org.testng.reporters.JUnitReportReporter -->
<testsuite hostname="ASI-1" name="testNGMultiBrowser.MultiBrowser" tests="2" failures="0" timestamp="9 Dec 2017 17:10:40 GMT" time="5.349" errors="0">
  <testcase name="login" time="2.650" classname="testNGMultiBrowser.MultiBrowser"/>
  <testcase name="login" time="2.699" classname="testNGMultiBrowser.MultiBrowser"/>
</testsuite> <!-- testNGMultiBrowser.MultiBrowser -->
