<?xml version="1.0" encoding="UTF-8"?>
<!-- Generated by org.testng.reporters.JUnitReportReporter -->
<testsuite hostname="VKodali-Lap8" name="testNGSamples.TestNGExample1" tests="1" failures="0" timestamp="26 Nov 2016 22:49:52 GMT" time="19.436" errors="0">
  <testcase name="CreateAccount" time="19.436" classname="testNGSamples.TestNGExample1"/>
</testsuite> <!-- testNGSamples.TestNGExample1 -->
