<?xml version="1.0" encoding="UTF-8"?>
<!-- Generated by org.testng.reporters.JUnitReportReporter -->
<testsuite hostname="VKodali-Lap8" name="testNGSamples.TestNGAnnotationsExample" tests="1" failures="0" timestamp="26 Nov 2016 22:55:02 GMT" time="0.019" errors="0">
  <testcase name="Login" time="0.019" classname="testNGSamples.TestNGAnnotationsExample"/>
</testsuite> <!-- testNGSamples.TestNGAnnotationsExample -->
