<?xml version="1.0" encoding="UTF-8"?>
<!-- Generated by org.testng.reporters.JUnitReportReporter -->
<testsuite hostname="VKodali-Lap8" name="testNGMultiBrowser.MultiBrowser" tests="2" failures="0" timestamp="4 Dec 2016 00:45:12 GMT" time="3.908" errors="0">
  <testcase name="login" time="1.926" classname="testNGMultiBrowser.MultiBrowser"/>
  <testcase name="login" time="1.982" classname="testNGMultiBrowser.MultiBrowser"/>
</testsuite> <!-- testNGMultiBrowser.MultiBrowser -->
