<?xml version="1.0" encoding="UTF-8"?>
<!-- Generated by org.testng.reporters.JUnitReportReporter -->
<testsuite hostname="VKodali-Lap8" name="testNGSamples.validationExample" tests="1" failures="0" timestamp="1 Dec 2016 22:56:55 GMT" time="0.029" errors="0">
  <testcase name="Login" time="0.029" classname="testNGSamples.validationExample"/>
</testsuite> <!-- testNGSamples.validationExample -->
