<?xml version="1.0" encoding="UTF-8"?>
<!-- Generated by org.testng.reporters.JUnitReportReporter -->
<testsuite hostname="VKodali-Lap8" name="testNGSamples.TestNGParametersandDataProviderWithExcel" tests="2" failures="0" timestamp="2 Dec 2016 18:09:55 GMT" time="5.679" errors="0">
  <testcase name="Login" time="3.110" classname="testNGSamples.TestNGParametersandDataProviderWithExcel"/>
  <testcase name="Login" time="2.569" classname="testNGSamples.TestNGParametersandDataProviderWithExcel"/>
</testsuite> <!-- testNGSamples.TestNGParametersandDataProviderWithExcel -->
