<?xml version="1.0" encoding="UTF-8"?>
<!-- Generated by org.testng.reporters.JUnitReportReporter -->
<testsuite hostname="VKodali-Lap8" name="testNGSamples.TestNGParametersandDataProvider" tests="2" failures="0" timestamp="2 Dec 2016 17:17:39 GMT" time="0.029" errors="0">
  <testcase name="Login" time="0.023" classname="testNGSamples.TestNGParametersandDataProvider"/>
  <testcase name="Login" time="0.006" classname="testNGSamples.TestNGParametersandDataProvider"/>
</testsuite> <!-- testNGSamples.TestNGParametersandDataProvider -->
