<?xml version="1.0" encoding="UTF-8"?>
<!-- Generated by org.testng.reporters.JUnitReportReporter -->
<testsuite hostname="VKodali-Lap8" name="testNGSamples.TestNGPDataProviderWithExcelHashTable" tests="2" failures="0" timestamp="23 Feb 2017 20:51:28 GMT" time="0.026" errors="0">
  <testcase name="Login" time="0.006" classname="testNGSamples.TestNGPDataProviderWithExcelHashTable"/>
  <testcase name="Login" time="0.020" classname="testNGSamples.TestNGPDataProviderWithExcelHashTable"/>
</testsuite> <!-- testNGSamples.TestNGPDataProviderWithExcelHashTable -->
