<?xml version="1.0" encoding="UTF-8"?>
<!-- Generated by org.testng.reporters.JUnitReportReporter -->
<testsuite hostname="VKodali-Lap8" name="testNGSamples.PrioritizingTestCases" tests="4" failures="0" timestamp="1 Dec 2016 18:55:02 GMT" time="0.073" errors="0">
  <testcase name="Two" time="0.004" classname="testNGSamples.PrioritizingTestCases"/>
  <testcase name="One" time="0.015" classname="testNGSamples.PrioritizingTestCases"/>
  <testcase name="Four" time="0.050" classname="testNGSamples.PrioritizingTestCases"/>
  <testcase name="Three" time="0.004" classname="testNGSamples.PrioritizingTestCases"/>
</testsuite> <!-- testNGSamples.PrioritizingTestCases -->
