<?xml version="1.0" encoding="UTF-8"?>
<!-- Generated by org.testng.reporters.JUnitReportReporter -->
<testsuite hostname="VKodali-Lap8" name="testcases.LoginTest" tests="1" failures="0" timestamp="5 Dec 2016 00:20:55 GMT" time="4.317" errors="0">
  <testcase name="doLogin" time="4.317" classname="testcases.LoginTest"/>
</testsuite> <!-- testcases.LoginTest -->
