<?xml version="1.0" encoding="UTF-8"?>
<!-- Generated by org.testng.reporters.JUnitReportReporter -->
<testsuite hostname="ASI-1" name="testcases.LoginTest" tests="2" failures="0" timestamp="24 Jan 2018 01:36:40 GMT" time="6.742" errors="0">
  <testcase name="doLogin" time="4.828" classname="testcases.LoginTest"/>
  <testcase name="doLogin" time="1.914" classname="testcases.LoginTest"/>
</testsuite> <!-- testcases.LoginTest -->
