<?xml version="1.0" encoding="UTF-8"?>
<!-- Generated by org.testng.reporters.JUnitReportReporter -->
<testsuite hostname="ASI-1" name="testcases.LoginTest" tests="2" failures="0" timestamp="7 May 2017 14:05:07 GMT" time="7.777" errors="0">
  <testcase name="doLogin" time="4.794" classname="testcases.LoginTest"/>
  <testcase name="doLogin" time="2.983" classname="testcases.LoginTest"/>
</testsuite> <!-- testcases.LoginTest -->
