<?xml version="1.0" encoding="UTF-8"?>
<!-- Generated by org.testng.reporters.JUnitReportReporter -->
<testsuite hostname="VKodali-Lap8" name="testcases.LoginTest" tests="2" failures="0" timestamp="5 Apr 2017 23:29:09 GMT" time="5.805" errors="0">
  <testcase name="doLogin" time="2.037" classname="testcases.LoginTest"/>
  <testcase name="doLogin" time="3.768" classname="testcases.LoginTest"/>
</testsuite> <!-- testcases.LoginTest -->
