<?xml version="1.0" encoding="UTF-8"?>
<!-- Generated by org.testng.reporters.JUnitReportReporter -->
<testsuite hostname="VKodali-Lap8" name="testcases.LoginTest" tests="2" failures="0" timestamp="31 Jan 2017 01:50:09 GMT" time="5.103" errors="0">
  <testcase name="doLogin" time="2.395" classname="testcases.LoginTest"/>
  <testcase name="doLogin" time="2.708" classname="testcases.LoginTest"/>
</testsuite> <!-- testcases.LoginTest -->
