<?xml version="1.0" encoding="UTF-8"?>
<!-- Generated by org.testng.reporters.JUnitReportReporter -->
<testsuite hostname="VKodali-Lap8" name="testcases.LoginTest" tests="1" failures="0" timestamp="27 Oct 2016 20:48:49 GMT" time="5.502" errors="0">
  <testcase name="doLogin" time="5.502" classname="testcases.LoginTest"/>
</testsuite> <!-- testcases.LoginTest -->
