<?xml version="1.0" encoding="UTF-8"?>
<!-- Generated by org.testng.reporters.JUnitReportReporter -->
<testsuite hostname="VKodali-Lap8" name="testCases.ExecuteTest" tests="1" failures="0" timestamp="18 Dec 2016 15:21:30 GMT" time="15.978" errors="0">
  <testcase name="testLogin" time="15.978" classname="testCases.ExecuteTest"/>
</testsuite> <!-- testCases.ExecuteTest -->
