<?xml version="1.0" encoding="UTF-8"?>
<!-- Generated by org.testng.reporters.JUnitReportReporter -->
<testsuite hostname="VKodali-Lap8" name="testCases.ExecuteTest" tests="1" failures="0" timestamp="17 Dec 2016 14:56:55 GMT" time="16.634" errors="0">
  <testcase name="testLogin" time="16.634" classname="testCases.ExecuteTest"/>
</testsuite> <!-- testCases.ExecuteTest -->
