<?xml version="1.0" encoding="UTF-8"?>
<!-- Generated by org.testng.reporters.JUnitReportReporter -->
<testsuite hostname="VKodali-Lap8" name="testCases.ExecuteTest" tests="1" failures="0" timestamp="4 Feb 2017 01:02:34 GMT" time="18.038" errors="0">
  <testcase name="testLogin" time="18.038" classname="testCases.ExecuteTest"/>
</testsuite> <!-- testCases.ExecuteTest -->
