<?xml version="1.0" encoding="UTF-8"?>
<!-- Generated by org.testng.reporters.JUnitReportReporter -->
<testsuite hostname="VKodali-Lap8" name="testCases.ExecuteTest" tests="1" failures="0" timestamp="5 Nov 2016 15:54:59 GMT" time="22.916" errors="0">
  <testcase name="testLogin" time="22.916" classname="testCases.ExecuteTest"/>
</testsuite> <!-- testCases.ExecuteTest -->
