<?xml version="1.0" encoding="UTF-8"?>
<!-- Generated by org.testng.reporters.JUnitReportReporter -->
<testsuite hostname="VKodali-Lap8" name="testCases.ExecuteTest" tests="1" failures="0" timestamp="29 Jan 2017 16:48:45 GMT" time="13.618" errors="0">
  <testcase name="testLogin" time="13.618" classname="testCases.ExecuteTest"/>
</testsuite> <!-- testCases.ExecuteTest -->
