<?xml version="1.0" encoding="UTF-8"?>
<!-- Generated by org.testng.reporters.JUnitReportReporter -->
<testsuite skipped="0" hostname="ASI-1" name="testCases.ExecuteTest" tests="1" failures="0" timestamp="10 Apr 2017 23:29:46 GMT" time="22.835" errors="0">
  <testcase name="testLogin" time="22.835" classname="testCases.ExecuteTest"/>
</testsuite> <!-- testCases.ExecuteTest -->
