<?xml version="1.0" encoding="UTF-8"?>
<!-- Generated by org.testng.reporters.JUnitReportReporter -->
<testsuite hostname="VKodali-Lap8" name="testCases.FirstCase" tests="1" failures="0" timestamp="16 Oct 2016 01:24:45 GMT" time="11.310" errors="0">
  <testcase name="testLogin" time="11.310" classname="testCases.FirstCase"/>
</testsuite> <!-- testCases.FirstCase -->
