<?xml version="1.0" encoding="UTF-8"?>
<!-- Generated by org.testng.reporters.JUnitReportReporter -->
<testsuite skipped="0" hostname="ASI-1" name="testCases.ExecuteTest" tests="1" failures="0" timestamp="22 Apr 2017 16:59:44 GMT" time="32.324" errors="0">
  <testcase name="testLogin" time="32.324" classname="testCases.ExecuteTest"/>
</testsuite> <!-- testCases.ExecuteTest -->
