<?xml version="1.0" encoding="UTF-8"?>
<!-- Generated by org.testng.reporters.JUnitReportReporter -->
<testsuite skipped="0" hostname="ASI-1" name="com.testcases.DriverClass" tests="1" failures="0" timestamp="06 May 2017 14:56:50 GMT" time="4.937" errors="0">
  <testcase name="MercuryRegister" time="4.937" classname="com.testcases.DriverClass"/>
</testsuite> <!-- com.testcases.DriverClass -->
