<?xml version="1.0" encoding="UTF-8"?>
<!-- Generated by org.testng.reporters.JUnitReportReporter -->
<testsuite skipped="0" hostname="ASI-1" name="com.testcases.DriverClass" tests="1" failures="0" timestamp="11 Apr 2017 23:41:29 GMT" time="2.817" errors="0">
  <testcase name="MercuryTest" time="2.817" classname="com.testcases.DriverClass"/>
</testsuite> <!-- com.testcases.DriverClass -->
