<?xml version="1.0" encoding="UTF-8"?>
<!-- Generated by org.testng.reporters.JUnitReportReporter -->
<testsuite skipped="0" hostname="ASI-1" name="com.testcases.DriverClass" tests="2" failures="0" timestamp="23 Jan 2018 01:40:34 GMT" time="20.416" errors="0">
  <testcase name="MercuryTest" time="5.281" classname="com.testcases.DriverClass"/>
  <testcase name="MercuryRegister" time="15.135" classname="com.testcases.DriverClass"/>
</testsuite> <!-- com.testcases.DriverClass -->
